<?xml version="1.0" encoding="UTF-8"?>
<!-- Generated by org.testng.reporters.JUnitReportReporter -->
<testsuite hostname="MSI" failures="0" tests="9" name="testng.JriTesting" time="62.793" errors="0" timestamp="2022-12-27T15:51:07 CST" skipped="0">
  <testcase classname="testng.JriTesting" name="TC_005" time="3.103"/>
  <system-out/>
  <testcase classname="testng.JriTesting" name="TC_007" time="12.109"/>
  <system-out/>
  <testcase classname="testng.JriTesting" name="TC_008" time="6.050"/>
  <system-out/>
  <testcase classname="testng.JriTesting" name="TC_009" time="22.708"/>
  <system-out/>
  <testcase classname="testng.JriTesting" name="TC_001" time="7.640"/>
  <system-out/>
  <testcase classname="testng.JriTesting" name="TC_002" time="1.944"/>
  <system-out/>
  <testcase classname="testng.JriTesting" name="TC_003" time="3.063"/>
  <system-out/>
  <testcase classname="testng.JriTesting" name="TC_004" time="3.092"/>
  <system-out/>
  <testcase classname="testng.JriTesting" name="TC_006" time="3.084"/>
  <system-out/>
</testsuite> <!-- testng.JriTesting -->
