<?xml version="1.0" encoding="UTF-8"?>
<!-- Generated by org.testng.reporters.JUnitReportReporter -->
<testsuite hostname="MSI" failures="0" tests="1" name="testng.FBLogin" time="2.565" errors="0" timestamp="2022-12-27T15:51:07 CST" skipped="0">
  <testcase classname="testng.FBLogin" name="f" time="2.565"/>
  <system-out/>
</testsuite> <!-- testng.FBLogin -->
