<?xml version="1.0" encoding="UTF-8"?>
<!-- Generated by org.testng.reporters.JUnitReportReporter -->
<testsuite hostname="MSI" failures="0" tests="3" name="testng.TEST" time="12.309" errors="0" timestamp="2022-12-27T15:47:51 CST" skipped="0">
  <testcase classname="testng.TEST" name="tc_002" time="1.998"/>
  <system-out/>
  <testcase classname="testng.TEST" name="tc_001" time="7.226"/>
  <system-out/>
  <testcase classname="testng.TEST" name="tc_003" time="3.085"/>
  <system-out/>
</testsuite> <!-- testng.TEST -->
