<?xml version="1.0" encoding="UTF-8"?>
<!-- Generated by org.testng.reporters.JUnitReportReporter -->
<testsuite hostname="SeenaReddy" failures="0" tests="1" name="testng.CloseVsQuit" time="9.552" errors="0" timestamp="2022-12-26T16:46:52 CST" skipped="0">
  <testcase classname="testng.CloseVsQuit" name="f" time="9.552"/>
  <system-out/>
</testsuite> <!-- testng.CloseVsQuit -->
