<?xml version="1.0" encoding="UTF-8"?>
<!-- Generated by org.testng.reporters.JUnitReportReporter -->
<testsuite hostname="SeenaReddy" failures="0" tests="3" name="testng.TS_001_CreateNewAccount" time="16.828" errors="0" timestamp="2022-12-26T16:46:52 CST" skipped="0">
  <testcase classname="testng.TS_001_CreateNewAccount" name="tc_001" time="7.543"/>
  <system-out/>
  <testcase classname="testng.TS_001_CreateNewAccount" name="tc_003" time="3.137"/>
  <system-out/>
  <testcase classname="testng.TS_001_CreateNewAccount" name="tc_002" time="6.148"/>
  <system-out/>
</testsuite> <!-- testng.TS_001_CreateNewAccount -->
