<?xml version="1.0" encoding="UTF-8"?>
<!-- Generated by org.testng.reporters.JUnitReportReporter -->
<testsuite hostname="SeenaReddy" failures="0" tests="2" name="testng.GruopsSample1" time="0.017" errors="0" timestamp="2022-12-26T17:03:44 CST" skipped="0">
  <testcase classname="testng.GruopsSample1" name="tc04" time="0.002"/>
  <system-out/>
  <testcase classname="testng.GruopsSample1" name="tc03" time="0.015"/>
  <system-out/>
</testsuite> <!-- testng.GruopsSample1 -->
