<?xml version="1.0" encoding="UTF-8"?>
<!-- Generated by org.testng.reporters.JUnitReportReporter -->
<testsuite hostname="SeenaReddy" failures="0" tests="3" name="testng.GruopsSample2" time="0.004" errors="0" timestamp="2022-12-26T17:03:44 CST" skipped="0">
  <testcase classname="testng.GruopsSample2" name="tc04" time="0.002"/>
  <system-out/>
  <testcase classname="testng.GruopsSample2" name="tc01" time="0.001"/>
  <system-out/>
  <testcase classname="testng.GruopsSample2" name="tc05" time="0.001"/>
  <system-out/>
</testsuite> <!-- testng.GruopsSample2 -->
